[19:50:59] [Server thread/INFO]: Starting minecraft server version 1.8.8
[19:51:00] [Server thread/INFO]: Loading properties
[19:51:01] [Server thread/INFO]: Default game type: ADVENTURE
[19:51:04] [Server thread/INFO]: This server is running CraftBukkit version git-PaperSpigot-f6fba00-9935adc (MC: 1.8.8) (Implementing API version 1.8.8-R0.1-SNAPSHOT)
[19:52:01] [Server thread/INFO]: Server Ping Player Sample Count: 12
[19:52:01] [Server thread/INFO]: Using 4 threads for Netty based IO
[19:52:01] [Server thread/INFO]: Debug logging is disabled
[19:52:02] [Server thread/INFO]: Data value allowed items: 
[19:52:02] [Server thread/INFO]: Generating keypair
[19:52:03] [Server thread/INFO]: Starting Minecraft server on 127.0.0.1:10006
[19:52:04] [Server thread/INFO]: Using epoll channel type
[19:52:10] [Server thread/INFO]: Set PluginClassLoader as parallel capable
[19:52:12] [Server thread/INFO]: [BedwarsItemAddon] Loading BedwarsItemAddon v1.6.1 BedwarsRel 1.3.6 Addon
[19:52:12] [Server thread/INFO]: [BedwarsItemShop] Loading BedwarsItemShop v1.0 BedwarsRel 1.3.6 Addon
[19:52:12] [Server thread/INFO]: [MultiWorld] Loading MultiWorld v5.2.6
[19:52:12] [Server thread/INFO]: [Citizens] Loading Citizens v2.0.24-SNAPSHOT (build 1605)
[19:52:12] [Server thread/INFO]: [WorldEdit] Loading WorldEdit v6.1.3;7a097ca
[19:52:12] [Server thread/INFO]: [NoMobSpawn] Loading NoMobSpawn v1.0
[19:52:12] [Server thread/INFO]: [ViaVersion] Loading ViaVersion v2.2.3
[19:52:13] [Server thread/INFO]: [ViaVersion] ViaVersion 2.2.3 is now loaded, injecting!
[19:52:14] [Server thread/INFO]: [ViaVersion] Loading 1.12.2 -> 1.13 block mapping...
[19:52:15] [Server thread/INFO]: [ViaVersion] Loading 1.12.2 -> 1.13 item mapping...
[19:52:15] [Server thread/INFO]: [ViaVersion] Loading new 1.13 tags...
[19:52:15] [Server thread/INFO]: [ViaVersion] Loading 1.12.2 -> 1.13 enchantment mapping...
[19:52:15] [Server thread/INFO]: [ViaVersion] Loading 1.12.2 -> 1.13 sound mapping...
[19:52:15] [Server thread/INFO]: [ViaVersion] Loading translation mapping
[19:52:16] [Server thread/INFO]: [ViaVersion] Loading 1.13.2 -> 1.14 blockstate mapping...
[19:52:17] [Server thread/INFO]: [ViaVersion] Loading 1.13.2 -> 1.14 block mapping...
[19:52:17] [Server thread/INFO]: [ViaVersion] Loading 1.13.2 -> 1.14 item mapping...
[19:52:17] [Server thread/INFO]: [ViaVersion] Loading 1.13.2 -> 1.14 sound mapping...
[19:52:17] [Server thread/INFO]: [ViaVersion] Loading 1.14 blockstates...
[19:52:17] [Server thread/INFO]: [ViaVersion] Loading 1.14 heightmap data...
[19:52:17] [Server thread/INFO]: [ViaVersion] Loading 1.14.4 -> 1.15 blockstate mapping...
[19:52:20] [Server thread/INFO]: [ViaVersion] Loading 1.14.4 -> 1.15 block mapping...
[19:52:20] [Server thread/INFO]: [ViaVersion] Loading 1.14.4 -> 1.15 item mapping...
[19:52:20] [Server thread/INFO]: [ViaVersion] Loading 1.14.4 -> 1.15 sound mapping...
[19:52:20] [Server thread/INFO]: [slRain] Loading slRain v1.0
[19:52:20] [Server thread/INFO]: [BedwarsScoreBoardAddon] Loading BedwarsScoreBoardAddon v2.10.2
[19:52:20] [Server thread/INFO]: [ProtocolLib] Loading ProtocolLib v4.4.0-SNAPSHOT-b417
[19:52:30] [Server thread/INFO]: [BedwarsRel] Loading BedwarsRel v1.3.6
[19:52:30] [Server thread/INFO]: [BedwarsXP] Loading BedwarsXP v1.7
[19:52:30] [Server thread/INFO]: [BedwarsEnderChest] Loading BedwarsEnderChest v1.2
[19:52:30] [Server thread/INFO]: [ProtocolLib] Enabling ProtocolLib v4.4.0-SNAPSHOT-b417
[19:52:30] [Server thread/INFO]: [ProtocolLib] Started structure compiler thread.
[19:52:43] [Server thread/WARN]: **** SERVER IS RUNNING IN OFFLINE/INSECURE MODE!
[19:52:43] [Server thread/WARN]: The server will make no attempt to authenticate usernames. Beware.
[19:52:43] [Server thread/WARN]: While this makes the game possible to play without internet access, it also opens up the ability for hackers to connect with any username they choose.
[19:52:43] [Server thread/WARN]: To change this, set "online-mode" to "true" in the server.properties file.
[19:52:43] [Server thread/INFO]: **** Beginning UUID conversion, this may take A LONG time ****
[19:52:43] [Server thread/INFO]: Preparing level "Lobby"
[19:52:45] [Server thread/INFO]: -------- World Settings For [Lobby] --------
[19:52:45] [Server thread/INFO]: Anti X-Ray: true
[19:52:45] [Server thread/INFO]: 	Engine Mode: 1
[19:52:45] [Server thread/INFO]: 	Hidden Blocks: [14, 15, 16, 21, 48, 49, 54, 56, 73, 74, 82, 129, 130]
[19:52:45] [Server thread/INFO]: 	Replace Blocks: [1, 5]
[19:52:46] [Server thread/INFO]: Mob Spawn Range: 4
[19:52:46] [Server thread/INFO]: Nerfing mobs spawned from spawners: false
[19:52:46] [Server thread/INFO]: Cactus Growth Modifier: 100%
[19:52:46] [Server thread/INFO]: Cane Growth Modifier: 100%
[19:52:46] [Server thread/INFO]: Melon Growth Modifier: 100%
[19:52:46] [Server thread/INFO]: Mushroom Growth Modifier: 100%
[19:52:46] [Server thread/INFO]: Pumpkin Growth Modifier: 100%
[19:52:46] [Server thread/INFO]: Sapling Growth Modifier: 100%
[19:52:46] [Server thread/INFO]: Wheat Growth Modifier: 100%
[19:52:46] [Server thread/INFO]: NetherWart Growth Modifier: 100%
[19:52:46] [Server thread/INFO]: Entity Activation Range: An 32 / Mo 32 / Mi 16
[19:52:46] [Server thread/INFO]: Entity Tracking Range: Pl 48 / An 48 / Mo 48 / Mi 32 / Other 64
[19:52:46] [Server thread/INFO]: Hopper Transfer: 8 Hopper Check: 8 Hopper Amount: 1
[19:52:46] [Server thread/INFO]: Random Lighting Updates: false
[19:52:46] [Server thread/INFO]: Structure Info Saving: true
[19:52:46] [Server thread/INFO]: Sending up to 10 chunks per packet
[19:52:46] [Server thread/INFO]: Max Entity Collisions: 8
[19:52:46] [Server thread/INFO]: Custom Map Seeds:  Village: 10387312 Feature: 14357617
[19:52:46] [Server thread/INFO]: Max TNT Explosions: 100
[19:52:46] [Server thread/INFO]: View Distance: 7
[19:52:46] [Server thread/INFO]: Item Despawn Rate: 6000
[19:52:46] [Server thread/INFO]: Item Merge Radius: 2.5
[19:52:46] [Server thread/INFO]: Zombie Aggressive Towards Villager: true
[19:52:46] [Server thread/INFO]: Allow Zombie Pigmen to spawn from portal blocks: true
[19:52:46] [Server thread/INFO]: Arrow Despawn Rate: 1200
[19:52:46] [Server thread/INFO]: Chunks to Grow per Tick: 650
[19:52:46] [Server thread/INFO]: Clear tick list: false
[19:52:46] [Server thread/INFO]: Experience Merge Radius: 3.0
[19:52:46] [Server thread/INFO]: -------- World Settings For [Lobby] --------
[19:52:46] [Server thread/INFO]: Remove invalid mob spawner tile entities: true
[19:52:46] [Server thread/INFO]: Living Entity Despawn Ranges:  Soft: 32 Hard: 128
[19:52:46] [Server thread/INFO]: Squids will spawn between Y: 45.0 and Y: 63.0
[19:52:46] [Server thread/INFO]: Max height for cactus growth 3. Max height for reed growth 3
[19:52:46] [Server thread/INFO]: Player blocking damage multiplier set to 0.5
[19:52:46] [Server thread/INFO]: Allow undead horse types to be leashed: false
[19:52:46] [Server thread/INFO]: Water over lava flow speed: 5
[19:52:46] [Server thread/INFO]: Fix TNT cannons: false
[19:52:46] [Server thread/INFO]: Keep spawn chunk loaded: true
[19:52:46] [Server thread/INFO]: World async lighting: false
[19:52:46] [Server thread/INFO]: WorldServer TickNextTick cap set at 10000
[19:52:46] [Server thread/INFO]: WorldServer TickNextTickList cap always processes redstone: false
[19:52:53] [Server thread/INFO]: Preparing start region for level 0 (Seed: 0)
[19:52:55] [Server thread/INFO]: Preparing spawn area: 0%
[19:52:56] [Server thread/INFO]: Preparing spawn area: 2%
[19:52:58] [Server thread/INFO]: Preparing spawn area: 5%
[19:52:59] [Server thread/INFO]: Preparing spawn area: 7%
[19:53:00] [Server thread/INFO]: Preparing spawn area: 11%
[19:53:01] [Server thread/INFO]: Preparing spawn area: 21%
[19:53:02] [Server thread/INFO]: Preparing spawn area: 26%
[19:53:03] [Server thread/INFO]: Preparing spawn area: 33%
[19:53:04] [Server thread/INFO]: Preparing spawn area: 54%
[19:53:06] [Server thread/INFO]: Preparing spawn area: 59%
[19:53:06] [Server thread/INFO]: [BedwarsItemAddon] Enabling BedwarsItemAddon v1.6.1 BedwarsRel 1.3.6 Addon
[19:53:06] [Server thread/INFO]: [0;37;1m========================================[m
[19:53:06] [Server thread/INFO]: [0;37;22m[m
[19:53:06] [Server thread/INFO]:             [0;36;1mBedwarsItemAddon[m
[19:53:06] [Server thread/INFO]: [0;37;22m[m
[19:53:06] [Server thread/INFO]:  [0;32;1m版本: 1.6.1[m
[19:53:06] [Server thread/INFO]:  [0;32;1m依赖: BedwarsRel 1.3.6[m
[19:53:06] [Server thread/INFO]: [0;37;22m[m
[19:53:06] [Server thread/INFO]: [0;37;1m========================================[m
[19:53:06] [Server thread/INFO]: [0;37;22m[m
[19:53:06] [Server thread/INFO]:  [0;32;1m作者: Ram[m
[19:53:06] [Server thread/INFO]: [0;37;22m[m
[19:53:06] [Server thread/INFO]: [0;37;1m========================================[m
[19:53:07] [Server thread/INFO]: [BedwarsItemShop] Enabling BedwarsItemShop v1.0 BedwarsRel 1.3.6 Addon
[19:53:07] [Server thread/INFO]: [0;37;1m=========================================[m
[19:53:07] [Server thread/INFO]: [0;37;22m[m
[19:53:07] [Server thread/INFO]:              [0;36;1mBedwarsItemShop[m
[19:53:07] [Server thread/INFO]: [0;37;22m[m
[19:53:07] [Server thread/INFO]:  [0;32;1m版本: 1.0[m
[19:53:07] [Server thread/INFO]:  [0;32;1m依赖: BedwarsRel 1.3.6[m
[19:53:07] [Server thread/INFO]: [0;37;22m[m
[19:53:07] [Server thread/INFO]: [0;37;1m=========================================[m
[19:53:07] [Server thread/INFO]: [0;37;22m[m
[19:53:07] [Server thread/INFO]:  [0;32;1m作者: Ram[m
[19:53:07] [Server thread/INFO]: [0;37;22m[m
[19:53:07] [Server thread/INFO]: [0;37;1m=========================================[m
[19:53:08] [Server thread/INFO]: [MultiWorld] Enabling MultiWorld v5.2.6
[19:53:09] [Server thread/INFO]: -------- World Settings For [水族馆] --------
[19:53:09] [Server thread/INFO]: Anti X-Ray: true
[19:53:09] [Server thread/INFO]: 	Engine Mode: 1
[19:53:09] [Server thread/INFO]: 	Hidden Blocks: [14, 15, 16, 21, 48, 49, 54, 56, 73, 74, 82, 129, 130]
[19:53:09] [Server thread/INFO]: 	Replace Blocks: [1, 5]
[19:53:09] [Server thread/INFO]: Mob Spawn Range: 4
[19:53:09] [Server thread/INFO]: Nerfing mobs spawned from spawners: false
[19:53:09] [Server thread/INFO]: Cactus Growth Modifier: 100%
[19:53:09] [Server thread/INFO]: Cane Growth Modifier: 100%
[19:53:09] [Server thread/INFO]: Melon Growth Modifier: 100%
[19:53:09] [Server thread/INFO]: Mushroom Growth Modifier: 100%
[19:53:09] [Server thread/INFO]: Pumpkin Growth Modifier: 100%
[19:53:09] [Server thread/INFO]: Sapling Growth Modifier: 100%
[19:53:09] [Server thread/INFO]: Wheat Growth Modifier: 100%
[19:53:09] [Server thread/INFO]: NetherWart Growth Modifier: 100%
[19:53:09] [Server thread/INFO]: Entity Activation Range: An 32 / Mo 32 / Mi 16
[19:53:09] [Server thread/INFO]: Entity Tracking Range: Pl 48 / An 48 / Mo 48 / Mi 32 / Other 64
[19:53:09] [Server thread/INFO]: Hopper Transfer: 8 Hopper Check: 8 Hopper Amount: 1
[19:53:09] [Server thread/INFO]: Random Lighting Updates: false
[19:53:09] [Server thread/INFO]: Structure Info Saving: true
[19:53:09] [Server thread/INFO]: Sending up to 10 chunks per packet
[19:53:09] [Server thread/INFO]: Max Entity Collisions: 8
[19:53:09] [Server thread/INFO]: Custom Map Seeds:  Village: 10387312 Feature: 14357617
[19:53:09] [Server thread/INFO]: Max TNT Explosions: 100
[19:53:09] [Server thread/INFO]: View Distance: 7
[19:53:09] [Server thread/INFO]: Item Despawn Rate: 6000
[19:53:09] [Server thread/INFO]: Item Merge Radius: 2.5
[19:53:09] [Server thread/INFO]: Zombie Aggressive Towards Villager: true
[19:53:09] [Server thread/INFO]: Allow Zombie Pigmen to spawn from portal blocks: true
[19:53:09] [Server thread/INFO]: Arrow Despawn Rate: 1200
[19:53:09] [Server thread/INFO]: Chunks to Grow per Tick: 650
[19:53:09] [Server thread/INFO]: Clear tick list: false
[19:53:09] [Server thread/INFO]: Experience Merge Radius: 3.0
[19:53:09] [Server thread/INFO]: -------- World Settings For [水族馆] --------
[19:53:09] [Server thread/INFO]: Remove invalid mob spawner tile entities: true
[19:53:09] [Server thread/INFO]: Living Entity Despawn Ranges:  Soft: 32 Hard: 128
[19:53:09] [Server thread/INFO]: Squids will spawn between Y: 45.0 and Y: 63.0
[19:53:09] [Server thread/INFO]: Max height for cactus growth 3. Max height for reed growth 3
[19:53:09] [Server thread/INFO]: Player blocking damage multiplier set to 0.5
[19:53:09] [Server thread/INFO]: Allow undead horse types to be leashed: false
[19:53:09] [Server thread/INFO]: Water over lava flow speed: 5
[19:53:09] [Server thread/INFO]: Fix TNT cannons: false
[19:53:09] [Server thread/INFO]: Keep spawn chunk loaded: true
[19:53:09] [Server thread/INFO]: World async lighting: false
[19:53:09] [Server thread/INFO]: WorldServer TickNextTick cap set at 10000
[19:53:09] [Server thread/INFO]: WorldServer TickNextTickList cap always processes redstone: false
[19:53:09] [Server thread/INFO]: Preparing start region for level 1 (Seed: 0)
[19:53:10] [Server thread/INFO]: Preparing spawn area for 水族馆, 8%
[19:53:11] [Server thread/INFO]: Preparing spawn area for 水族馆, 12%
[19:53:12] [Server thread/INFO]: Preparing spawn area for 水族馆, 12%
[19:53:13] [Server thread/INFO]: Preparing spawn area for 水族馆, 16%
[19:53:14] [Server thread/INFO]: Preparing spawn area for 水族馆, 16%
[19:53:16] [Server thread/INFO]: Preparing spawn area for 水族馆, 16%
[19:53:17] [Server thread/INFO]: Preparing spawn area for 水族馆, 20%
[19:53:18] [Server thread/INFO]: Preparing spawn area for 水族馆, 32%
[19:53:19] [Server thread/INFO]: Preparing spawn area for 水族馆, 36%
[19:53:20] [Server thread/INFO]: Preparing spawn area for 水族馆, 40%
[19:53:21] [Server thread/INFO]: Preparing spawn area for 水族馆, 48%
[19:53:23] [Server thread/INFO]: Preparing spawn area for 水族馆, 52%
[19:53:24] [Server thread/INFO]: Preparing spawn area for 水族馆, 60%
[19:53:26] [Server thread/INFO]: Preparing spawn area for 水族馆, 61%
[19:53:27] [Server thread/INFO]: Preparing spawn area for 水族馆, 65%
[19:53:28] [Server thread/INFO]: Preparing spawn area for 水族馆, 65%
[19:53:29] [Server thread/INFO]: Preparing spawn area for 水族馆, 69%
[19:53:30] [Server thread/INFO]: Preparing spawn area for 水族馆, 73%
[19:53:35] [Server thread/INFO]: [MultiWorld] v5.2.6 enabled.
[19:53:36] [Server thread/INFO]: [Citizens] Enabling Citizens v2.0.24-SNAPSHOT (build 1605)
[19:53:36] [Server thread/INFO]: Creating file: config.yml
[19:53:39] [Server thread/ERROR]: [Citizens] Missing preferred location bundle.
[19:54:17] [Server thread/INFO]: Creating file: saves.yml
[19:56:31] [Server thread/INFO]: [Citizens] Unable to use economy handling. Has Vault been enabled?
[19:56:33] [Server thread/INFO]: [WorldEdit] Enabling WorldEdit v6.1.3;7a097ca
[19:56:42] [Server thread/INFO]: [WorldEdit] Default configuration file written: config.yml
[19:56:43] [Server thread/INFO]: WEPIF: Updated config file
[19:56:43] [Server thread/INFO]: WEPIF: Using the Bukkit Permissions API.
[19:56:43] [Server thread/INFO]: [WorldEdit] Using com.sk89q.worldedit.bukkit.adapter.impl.Spigot_v1_8_R3 as the Bukkit adapter
[19:56:43] [Server thread/INFO]: [NoMobSpawn] Enabling NoMobSpawn v1.0
[19:56:43] [Server thread/INFO]: [ViaVersion] Enabling ViaVersion v2.2.3
[19:56:43] [Server thread/INFO]: [slRain] Enabling slRain v1.0
[19:56:43] [Server thread/INFO]: [BedwarsScoreBoardAddon] Enabling BedwarsScoreBoardAddon v2.10.2
[19:56:44] [Server thread/INFO]: [BedwarsRel] Enabling BedwarsRel v1.3.6
[19:56:54] [Server thread/INFO]: § [0;37;1m[0;33;22mUsing your custom locale "zh_CN".[m
[19:57:02] [Server thread/INFO]: § [0;37;1m[0;32;1m成功载入了游戏 '水族馆'！[m
[19:57:04] [Server thread/INFO]: [BedwarsXP] Enabling BedwarsXP v1.7
[19:57:04] [Server thread/INFO]: [0;33;22m[21m[BedwarsXP] [0;36;1m正在加载BedwarsXP经验起床插件 Version.1.7[m
[19:57:04] [Server thread/INFO]: [0;33;22m[21m[BedwarsXP] [0;32;1m正在寻找BedwarsRel插件...[m
[19:57:05] [Server thread/INFO]: [0;33;22m[21m[BedwarsXP] [0;32;1m已发现受支持的BedwarsRel插件![m
[19:57:05] [Server thread/INFO]: [0;33;22m[21m[BedwarsXP] [0;36;1m开始加载配置文件[m
[19:57:05] [Server thread/ERROR]: Cannot load plugins/BedwarsXP/config.yml
org.bukkit.configuration.InvalidConfigurationException: unacceptable character '?' (0xD893) special characters are not allowed
in "'string'", position 53
	at org.bukkit.configuration.file.YamlConfiguration.loadFromString(YamlConfiguration.java:57) ~[PaperSpigot-1.8.8.jar:git-PaperSpigot-f6fba00-9935adc]
	at org.bukkit.configuration.file.FileConfiguration.load(FileConfiguration.java:226) ~[PaperSpigot-1.8.8.jar:git-PaperSpigot-f6fba00-9935adc]
	at org.bukkit.configuration.file.FileConfiguration.load(FileConfiguration.java:169) ~[PaperSpigot-1.8.8.jar:git-PaperSpigot-f6fba00-9935adc]
	at org.bukkit.configuration.file.YamlConfiguration.loadConfiguration(YamlConfiguration.java:180) [PaperSpigot-1.8.8.jar:git-PaperSpigot-f6fba00-9935adc]
	at ldcr.BedwarsXP.Config.loadConfig(Config.java:47) [BedwarsXP.jar:?]
	at ldcr.BedwarsXP.BedwarsXP.onEnable(BedwarsXP.java:30) [BedwarsXP.jar:?]
	at org.bukkit.plugin.java.JavaPlugin.setEnabled(JavaPlugin.java:321) [PaperSpigot-1.8.8.jar:git-PaperSpigot-f6fba00-9935adc]
	at org.bukkit.plugin.java.JavaPluginLoader.enablePlugin(JavaPluginLoader.java:340) [PaperSpigot-1.8.8.jar:git-PaperSpigot-f6fba00-9935adc]
	at org.bukkit.plugin.SimplePluginManager.enablePlugin(SimplePluginManager.java:405) [PaperSpigot-1.8.8.jar:git-PaperSpigot-f6fba00-9935adc]
	at org.bukkit.craftbukkit.v1_8_R3.CraftServer.loadPlugin(CraftServer.java:356) [PaperSpigot-1.8.8.jar:git-PaperSpigot-f6fba00-9935adc]
	at org.bukkit.craftbukkit.v1_8_R3.CraftServer.enablePlugins(CraftServer.java:316) [PaperSpigot-1.8.8.jar:git-PaperSpigot-f6fba00-9935adc]
	at net.minecraft.server.v1_8_R3.MinecraftServer.s(MinecraftServer.java:408) [PaperSpigot-1.8.8.jar:git-PaperSpigot-f6fba00-9935adc]
	at net.minecraft.server.v1_8_R3.MinecraftServer.k(MinecraftServer.java:372) [PaperSpigot-1.8.8.jar:git-PaperSpigot-f6fba00-9935adc]
	at net.minecraft.server.v1_8_R3.MinecraftServer.a(MinecraftServer.java:327) [PaperSpigot-1.8.8.jar:git-PaperSpigot-f6fba00-9935adc]
	at net.minecraft.server.v1_8_R3.DedicatedServer.init(DedicatedServer.java:267) [PaperSpigot-1.8.8.jar:git-PaperSpigot-f6fba00-9935adc]
	at net.minecraft.server.v1_8_R3.MinecraftServer.run(MinecraftServer.java:560) [PaperSpigot-1.8.8.jar:git-PaperSpigot-f6fba00-9935adc]
	at java.lang.Thread.run(Thread.java:748) [?:1.8.0_262]
Caused by: org.yaml.snakeyaml.reader.ReaderException: special characters are not allowed
	at org.yaml.snakeyaml.reader.StreamReader.checkPrintable(StreamReader.java:67) ~[PaperSpigot-1.8.8.jar:git-PaperSpigot-f6fba00-9935adc]
	at org.yaml.snakeyaml.reader.StreamReader.<init>(StreamReader.java:47) ~[PaperSpigot-1.8.8.jar:git-PaperSpigot-f6fba00-9935adc]
	at org.yaml.snakeyaml.Yaml.load(Yaml.java:369) ~[PaperSpigot-1.8.8.jar:git-PaperSpigot-f6fba00-9935adc]
	at org.bukkit.configuration.file.YamlConfiguration.loadFromString(YamlConfiguration.java:55) ~[PaperSpigot-1.8.8.jar:git-PaperSpigot-f6fba00-9935adc]
	... 16 more
[19:57:06] [Server thread/INFO]: [0;33;22m[21m[BedwarsXP] [0;31;22m您的配置文件版本过老无法加载[m
[19:57:06] [Server thread/INFO]: [0;33;22m[21m[BedwarsXP] [0;31;1m已备份您的配置文件为 [config.bak.yml] ,开始初始化新版本配置文件[m
[19:57:06] [Server thread/INFO]: [0;33;22m[21m[BedwarsXP] [0;32;1m配置文件初始化完成,继续加载配置...[m
[19:57:06] [Server thread/INFO]: [0;33;22m[21m[BedwarsXP] [0;32;1m已启用经验兑换资源商店[m
[19:57:07] [Server thread/INFO]: [0;33;22m[21m[BedwarsXP] [0;32;1m死亡扣除 0.0% 经验[m
[19:57:07] [Server thread/INFO]: [0;33;22m[21m[BedwarsXP] [0;32;1m死亡掉落经验占扣除经验 100.0%[m
[19:57:07] [Server thread/INFO]: [0;33;22m[21m[BedwarsXP] [0;32;1m最大经验限制已 关闭[m
[19:57:07] [Server thread/INFO]: [0;33;22m[21m[BedwarsXP] [0;32;1m完全经验起床模式已启动[m
[19:57:07] [Server thread/INFO]: [0;33;22m[21m[BedwarsXP] [0;32;1m开始加载资源价值数据[m
[19:57:07] [Server thread/INFO]: [0;33;22m[21m[BedwarsXP] [0;32;1m发现资源 [bronze] 物品:CLAY_BRICK 价值1[m
[19:57:07] [Server thread/INFO]: [0;33;22m[21m[BedwarsXP] [0;32;1m发现资源 [iron] 物品:IRON_INGOT 价值5[m
[19:57:07] [Server thread/INFO]: [0;33;22m[21m[BedwarsXP] [0;32;1m发现资源 [gold] 物品:GOLD_INGOT 价值10[m
[19:57:07] [Server thread/INFO]: [0;33;22m[21m[BedwarsXP] [0;32;1m发现资源 [diamond] 物品:DIAMOND 价值0[m
[19:57:07] [Server thread/INFO]: [0;33;22m[21m[BedwarsXP] [0;32;1m发现资源 [emerald] 物品:EMERALD 价值0[m
[19:57:08] [Server thread/INFO]: [0;33;22m[21m[BedwarsXP] [0;36;1m成功加载BedwarsXP经验起床插件 By.Ldcr[m
[19:57:08] [Server thread/INFO]: [0;33;22m[21m[BedwarsXP] [0;33;1m   ↓↓ << BUG反馈 | 提交建议 >> ↓↓  [m
[19:57:08] [Server thread/INFO]: [0;33;22m[21m[BedwarsXP] [0;31;1m https://github.com/Ldcr993519867/BedwarsXP/issues/1[m
[19:57:08] [Server thread/INFO]: [BedwarsEnderChest] Enabling BedwarsEnderChest v1.2
[19:57:17] [Server thread/INFO]: Done (273.163s)! For help, type "help" or "?"
[19:57:18] [Server thread/INFO]: [0;37;1m========================================[m
[19:57:18] [Server thread/INFO]: [0;37;22m[m
[19:57:18] [Server thread/INFO]:          [0;36;1mBedwarsScoreBoardAddon[m
[19:57:19] [Server thread/INFO]: [0;37;22m[m
[19:57:19] [Server thread/INFO]:  [0;32;1m版本: 2.10.2[m
[19:57:19] [Server thread/INFO]: [0;37;22m[m
[19:57:19] [Server thread/INFO]:  [0;32;1m作者: Ram[m
[19:57:19] [Server thread/INFO]: [0;37;22m[m
[19:57:19] [Server thread/INFO]: [0;37;1m========================================[m
[19:57:20] [Server thread/ERROR]: Cannot load plugins/BedwarsScoreBoardAddon/config.yml
org.bukkit.configuration.InvalidConfigurationException: unacceptable character '?' (0xDB86) special characters are not allowed
in "'string'", position 1129
	at org.bukkit.configuration.file.YamlConfiguration.loadFromString(YamlConfiguration.java:57) ~[PaperSpigot-1.8.8.jar:git-PaperSpigot-f6fba00-9935adc]
	at org.bukkit.configuration.file.FileConfiguration.load(FileConfiguration.java:226) ~[PaperSpigot-1.8.8.jar:git-PaperSpigot-f6fba00-9935adc]
	at org.bukkit.configuration.file.FileConfiguration.load(FileConfiguration.java:169) ~[PaperSpigot-1.8.8.jar:git-PaperSpigot-f6fba00-9935adc]
	at org.bukkit.configuration.file.YamlConfiguration.loadConfiguration(YamlConfiguration.java:180) [PaperSpigot-1.8.8.jar:git-PaperSpigot-f6fba00-9935adc]
	at org.bukkit.plugin.java.JavaPlugin.reloadConfig(JavaPlugin.java:188) [PaperSpigot-1.8.8.jar:git-PaperSpigot-f6fba00-9935adc]
	at org.bukkit.plugin.java.JavaPlugin.getConfig(JavaPlugin.java:162) [PaperSpigot-1.8.8.jar:git-PaperSpigot-f6fba00-9935adc]
	at me.ram.bedwarsscoreboardaddon.Main.init(Main.java:90) [BedwarsScoreBoardAddon-2.10.2.jar:?]
	at me.ram.bedwarsscoreboardaddon.Main.access$0(Main.java:87) [BedwarsScoreBoardAddon-2.10.2.jar:?]
	at me.ram.bedwarsscoreboardaddon.Main$1.run(Main.java:81) [BedwarsScoreBoardAddon-2.10.2.jar:?]
	at org.bukkit.craftbukkit.v1_8_R3.scheduler.CraftTask.run(CraftTask.java:71) [PaperSpigot-1.8.8.jar:git-PaperSpigot-f6fba00-9935adc]
	at org.bukkit.craftbukkit.v1_8_R3.scheduler.CraftScheduler.mainThreadHeartbeat(CraftScheduler.java:350) [PaperSpigot-1.8.8.jar:git-PaperSpigot-f6fba00-9935adc]
	at net.minecraft.server.v1_8_R3.MinecraftServer.B(MinecraftServer.java:779) [PaperSpigot-1.8.8.jar:git-PaperSpigot-f6fba00-9935adc]
	at net.minecraft.server.v1_8_R3.DedicatedServer.B(DedicatedServer.java:378) [PaperSpigot-1.8.8.jar:git-PaperSpigot-f6fba00-9935adc]
	at net.minecraft.server.v1_8_R3.MinecraftServer.A(MinecraftServer.java:710) [PaperSpigot-1.8.8.jar:git-PaperSpigot-f6fba00-9935adc]
	at net.minecraft.server.v1_8_R3.MinecraftServer.run(MinecraftServer.java:613) [PaperSpigot-1.8.8.jar:git-PaperSpigot-f6fba00-9935adc]
	at java.lang.Thread.run(Thread.java:748) [?:1.8.0_262]
Caused by: org.yaml.snakeyaml.reader.ReaderException: special characters are not allowed
	at org.yaml.snakeyaml.reader.StreamReader.checkPrintable(StreamReader.java:67) ~[PaperSpigot-1.8.8.jar:git-PaperSpigot-f6fba00-9935adc]
	at org.yaml.snakeyaml.reader.StreamReader.<init>(StreamReader.java:47) ~[PaperSpigot-1.8.8.jar:git-PaperSpigot-f6fba00-9935adc]
	at org.yaml.snakeyaml.Yaml.load(Yaml.java:369) ~[PaperSpigot-1.8.8.jar:git-PaperSpigot-f6fba00-9935adc]
	at org.bukkit.configuration.file.YamlConfiguration.loadFromString(YamlConfiguration.java:55) ~[PaperSpigot-1.8.8.jar:git-PaperSpigot-f6fba00-9935adc]
	... 15 more
[19:57:23] [Server thread/INFO]: [BedwarsScoreBoardAddon] [0;37;1m开始加载插件...[m
[19:57:25] [Server thread/INFO]: [BedwarsScoreBoardAddon] [0;37;1m正在加载配置文件...[m
[19:57:25] [Server thread/ERROR]: Cannot load /data/home/aaa/server/HypixelBedwars-4.3/[10006]BedWarsXP-水族馆/plugins/BedwarsScoreBoardAddon/config.yml
org.bukkit.configuration.InvalidConfigurationException: unacceptable character '?' (0xDB86) special characters are not allowed
in "'string'", position 1129
	at org.bukkit.configuration.file.YamlConfiguration.loadFromString(YamlConfiguration.java:57) ~[PaperSpigot-1.8.8.jar:git-PaperSpigot-f6fba00-9935adc]
	at org.bukkit.configuration.file.FileConfiguration.load(FileConfiguration.java:226) ~[PaperSpigot-1.8.8.jar:git-PaperSpigot-f6fba00-9935adc]
	at org.bukkit.configuration.file.FileConfiguration.load(FileConfiguration.java:169) ~[PaperSpigot-1.8.8.jar:git-PaperSpigot-f6fba00-9935adc]
	at org.bukkit.configuration.file.YamlConfiguration.loadConfiguration(YamlConfiguration.java:180) [PaperSpigot-1.8.8.jar:git-PaperSpigot-f6fba00-9935adc]
	at me.ram.bedwarsscoreboardaddon.config.Config.loadConfig(Config.java:309) [BedwarsScoreBoardAddon-2.10.2.jar:?]
	at me.ram.bedwarsscoreboardaddon.Main.init(Main.java:121) [BedwarsScoreBoardAddon-2.10.2.jar:?]
	at me.ram.bedwarsscoreboardaddon.Main.access$0(Main.java:87) [BedwarsScoreBoardAddon-2.10.2.jar:?]
	at me.ram.bedwarsscoreboardaddon.Main$1.run(Main.java:81) [BedwarsScoreBoardAddon-2.10.2.jar:?]
	at org.bukkit.craftbukkit.v1_8_R3.scheduler.CraftTask.run(CraftTask.java:71) [PaperSpigot-1.8.8.jar:git-PaperSpigot-f6fba00-9935adc]
	at org.bukkit.craftbukkit.v1_8_R3.scheduler.CraftScheduler.mainThreadHeartbeat(CraftScheduler.java:350) [PaperSpigot-1.8.8.jar:git-PaperSpigot-f6fba00-9935adc]
	at net.minecraft.server.v1_8_R3.MinecraftServer.B(MinecraftServer.java:779) [PaperSpigot-1.8.8.jar:git-PaperSpigot-f6fba00-9935adc]
	at net.minecraft.server.v1_8_R3.DedicatedServer.B(DedicatedServer.java:378) [PaperSpigot-1.8.8.jar:git-PaperSpigot-f6fba00-9935adc]
	at net.minecraft.server.v1_8_R3.MinecraftServer.A(MinecraftServer.java:710) [PaperSpigot-1.8.8.jar:git-PaperSpigot-f6fba00-9935adc]
	at net.minecraft.server.v1_8_R3.MinecraftServer.run(MinecraftServer.java:613) [PaperSpigot-1.8.8.jar:git-PaperSpigot-f6fba00-9935adc]
	at java.lang.Thread.run(Thread.java:748) [?:1.8.0_262]
Caused by: org.yaml.snakeyaml.reader.ReaderException: special characters are not allowed
	at org.yaml.snakeyaml.reader.StreamReader.checkPrintable(StreamReader.java:67) ~[PaperSpigot-1.8.8.jar:git-PaperSpigot-f6fba00-9935adc]
	at org.yaml.snakeyaml.reader.StreamReader.<init>(StreamReader.java:47) ~[PaperSpigot-1.8.8.jar:git-PaperSpigot-f6fba00-9935adc]
	at org.yaml.snakeyaml.Yaml.load(Yaml.java:369) ~[PaperSpigot-1.8.8.jar:git-PaperSpigot-f6fba00-9935adc]
	at org.bukkit.configuration.file.YamlConfiguration.loadFromString(YamlConfiguration.java:55) ~[PaperSpigot-1.8.8.jar:git-PaperSpigot-f6fba00-9935adc]
	... 14 more
[19:57:38] [Server thread/INFO]: [BedwarsScoreBoardAddon] [0;32;1m默认配置文件已保存！[m
[19:57:50] [Server thread/INFO]: [BedwarsScoreBoardAddon] [0;32;1m配置文件加载成功！[m
[19:57:50] [Server thread/INFO]: [BedwarsScoreBoardAddon] [0;37;1m正在注册监听器...[m
[19:57:59] [Server thread/INFO]: [BedwarsScoreBoardAddon] [0;32;1m监听器注册成功！[m
[19:57:59] [Server thread/INFO]: [BedwarsScoreBoardAddon] [0;37;1m正在注册指令...[m
[19:57:59] [Server thread/INFO]: [BedwarsScoreBoardAddon] [0;32;1m指令注册成功！[m
[19:57:59] [Server thread/INFO]: [BedwarsScoreBoardAddon] [0;32;1m插件加载成功！[m
[19:58:01] [Server thread/INFO]: [ViaVersion] ViaVersion detected server version: 1.8.x(47)
[19:58:06] [Server thread/INFO]: [ViaVersion] Enabling Paper/TacoSpigot/Torch patch: Fixes block placement.
[19:58:10] [Server thread/INFO]: [Citizens] Loaded 0 NPCs.
[19:58:11] [Server thread/WARN]: [ViaVersion] Could not check for updates, check your connection.
[19:58:18] [Server thread/INFO]: [0;33;1m[ProtocolLib] The updater found an update, and has readied it to be loaded the next time the server restarts/reloads.[m
[20:06:34] [Server thread/INFO]: Unknown command. Type "/help" for help.[m
[20:06:37] [Server thread/INFO]: [0;33;1m--------- [0;37;1mHelp: Index [0;33;1m---------------------------[m
[20:06:37] [Server thread/INFO]: [0;37;22mUse /help [n] to get page n of help.[m
[20:06:37] [Server thread/INFO]: [0;33;22mAliases: [0;37;1mLists command aliases[m
[20:06:37] [Server thread/INFO]: [0;33;22mBedwarsItemAddon: [0;37;1mAll commands for BedwarsItemAddon[m
[20:06:37] [Server thread/INFO]: [0;33;22mBedwarsItemShop: [0;37;1mAll commands for BedwarsItemShop[m
[20:06:37] [Server thread/INFO]: [0;33;22mBedwarsRel: [0;37;1mAll commands for BedwarsRel[m
[20:06:37] [Server thread/INFO]: [0;33;22mBedwarsScoreBoardAddon: [0;37;1mAll commands for BedwarsScoreBoardAddon[m
[20:06:37] [Server thread/INFO]: [0;33;22mBedwarsXP: [0;37;1mAll commands for BedwarsXP[m
[20:06:37] [Server thread/INFO]: [0;33;22mBukkit: [0;37;1mAll commands for Bukkit[m
[20:06:37] [Server thread/INFO]: [0;33;22mCitizens: [0;37;1mAll commands for Citizens[m
[20:06:37] [Server thread/INFO]: [0;33;22mMinecraft: [0;37;1mAll commands for Minecraft[m
[20:06:37] [Server thread/INFO]: [0;33;22mMultiWorld: [0;37;1mAll commands for MultiWorld[m
[20:06:37] [Server thread/INFO]: [0;33;22mProtocolLib: [0;37;1mAll commands for ProtocolLib[m
[20:06:37] [Server thread/INFO]: [0;33;22mViaVersion: [0;37;1mAll commands for ViaVersion[m
[20:06:37] [Server thread/INFO]: [0;33;22mWorldEdit: [0;37;1mAll commands for WorldEdit[m
[20:06:37] [Server thread/INFO]: [0;33;22m/.s: [0;37;1mExecute last CraftScript[m
[20:06:37] [Server thread/INFO]: [0;33;22m//: [0;37;1mToggle the super pickaxe function[m
[20:06:37] [Server thread/INFO]: [0;33;22m//calc: [0;37;1mEvaluate a mathematical expression[m
[20:06:37] [Server thread/INFO]: [0;33;22m//center: [0;37;1mSet the center block(s)[m
[20:06:37] [Server thread/INFO]: [0;33;22m//chunk: [0;37;1mSet the selection to your current chunk.[m
[20:06:37] [Server thread/INFO]: [0;33;22m//clearhistory: [0;37;1mClear your history[m
[20:06:37] [Server thread/INFO]: [0;33;22m//contract: [0;37;1mContract the selection area[m
[20:06:37] [Server thread/INFO]: [0;33;22m//copy: [0;37;1mCopy the selection to the clipboard[m
[20:06:37] [Server thread/INFO]: [0;33;22m//count: [0;37;1mCounts the number of a certain type of block[m
[20:06:37] [Server thread/INFO]: [0;33;22m//curve: [0;37;1mDraws a spline through selected points[m
[20:06:37] [Server thread/INFO]: [0;33;22m//cut: [0;37;1mCut the selection to the clipboard[m
[20:06:37] [Server thread/INFO]: [0;33;22m//cyl: [0;37;1mGenerates a cylinder.[m
[20:06:37] [Server thread/INFO]: [0;33;22m//deform: [0;37;1mDeforms a selected region with an expression[m
[20:06:37] [Server thread/INFO]: [0;33;22m//distr: [0;37;1mGet the distribution of blocks in the selection[m
[20:06:37] [Server thread/INFO]: [0;33;22m//drain: [0;37;1mDrain a pool[m
[20:06:37] [Server thread/INFO]: [0;33;22m//ex: [0;37;1mExtinguish nearby fire[m
[20:06:37] [Server thread/INFO]: [0;33;22m//expand: [0;37;1mExpand the selection area[m
[20:06:37] [Server thread/INFO]: [0;33;22m//faces: [0;37;1mBuild the walls, ceiling, and floor of a selection[m
[20:06:37] [Server thread/INFO]: [0;33;22m//fast: [0;37;1mToggle fast mode[m
[20:06:37] [Server thread/INFO]: [0;33;22m//fill: [0;37;1mFill a hole[m
[20:06:37] [Server thread/INFO]: [0;33;22m//fillr: [0;37;1mFill a hole recursively[m
[20:06:37] [Server thread/INFO]: [0;33;22m//fixlava: [0;37;1mFix lava to be stationary[m
[20:06:37] [Server thread/INFO]: [0;33;22m//fixwater: [0;37;1mFix water to be stationary[m
[20:06:37] [Server thread/INFO]: [0;33;22m//flip: [0;37;1mFlip the contents of the clipboard[m
[20:06:37] [Server thread/INFO]: [0;33;22m//flora: [0;37;1mMake flora within the region[m
[20:06:37] [Server thread/INFO]: [0;33;22m//forest: [0;37;1mMake a forest within the region[m
[20:06:37] [Server thread/INFO]: [0;33;22m//generate: [0;37;1mGenerates a shape according to a formula.[m
[20:06:37] [Server thread/INFO]: [0;33;22m//generatebiome: [0;37;1mSets biome according to a formula.[m
[20:06:37] [Server thread/INFO]: [0;33;22m//gmask: [0;37;1mSet the global mask[m
[20:06:37] [Server thread/INFO]: [0;33;22m//green: [0;37;1mGreens the area[m
[20:06:37] [Server thread/INFO]: [0;33;22m//hcyl: [0;37;1mGenerates a hollow cylinder.[m
[20:06:37] [Server thread/INFO]: [0;33;22m//help: [0;37;1mDisplays help for WorldEdit commands[m
[20:06:37] [Server thread/INFO]: [0;33;22m//hollow: [0;37;1mHollows out the object contained in this selection[m
[20:06:37] [Server thread/INFO]: [0;33;22m//hpos1: [0;37;1mSet position 1 to targeted block[m
[20:06:37] [Server thread/INFO]: [0;33;22m//hpos2: [0;37;1mSet position 2 to targeted block[m
[20:06:37] [Server thread/INFO]: [0;33;22m//hpyramid: [0;37;1mGenerate a hollow pyramid[m
[20:06:37] [Server thread/INFO]: [0;33;22m//hsphere: [0;37;1mGenerates a hollow sphere.[m
[20:06:37] [Server thread/INFO]: [0;33;22m//inset: [0;37;1mInset the selection area[m
[20:06:37] [Server thread/INFO]: [0;33;22m//limit: [0;37;1mModify block change limit[m
[20:06:37] [Server thread/INFO]: [0;33;22m//line: [0;37;1mDraws a line segment between cuboid selection corners[m
[20:06:37] [Server thread/INFO]: [0;33;22m//load: [0;37;1mLoad a schematic into your clipboard[m
[20:06:37] [Server thread/INFO]: [0;33;22m//move: [0;37;1mMove the contents of the selection[m
[20:06:37] [Server thread/INFO]: [0;33;22m//naturalize: [0;37;1m3 layers of dirt on top then rock below[m
[20:06:37] [Server thread/INFO]: [0;33;22m//outset: [0;37;1mOutset the selection area[m
[20:06:37] [Server thread/INFO]: [0;33;22m//overlay: [0;37;1mSet a block on top of blocks in the region[m
[20:06:37] [Server thread/INFO]: [0;33;22m//paste: [0;37;1mPaste the clipboard's contents[m
[20:06:37] [Server thread/INFO]: [0;33;22m//pos1: [0;37;1mSet position 1[m
[20:06:37] [Server thread/INFO]: [0;33;22m//pos2: [0;37;1mSet position 2[m
[20:06:37] [Server thread/INFO]: [0;33;22m//pyramid: [0;37;1mGenerate a filled pyramid[m
[20:06:37] [Server thread/INFO]: [0;33;22m//redo: [0;37;1mRedoes the last action (from history)[m
[20:06:37] [Server thread/INFO]: [0;33;22m//regen: [0;37;1mRegenerates the contents of the selection[m
[20:06:37] [Server thread/INFO]: [0;33;22m//removeabove: [0;37;1mRemove blocks above your head.[m
[20:06:37] [Server thread/INFO]: [0;33;22m//removebelow: [0;37;1mRemove blocks below you.[m
[20:06:37] [Server thread/INFO]: [0;33;22m//removenear: [0;37;1mRemove blocks near you.[m
[20:06:37] [Server thread/INFO]: [0;33;22m//replace: [0;37;1mReplace all blocks in the selection with another[m
[20:06:37] [Server thread/INFO]: [0;33;22m//replacenear: [0;37;1mReplace nearby blocks[m
[20:06:37] [Server thread/INFO]: [0;33;22m//rotate: [0;37;1mRotate the contents of the clipboard[m
[20:06:37] [Server thread/INFO]: [0;33;22m//save: [0;37;1mSave a schematic into your clipboard[m
[20:06:37] [Server thread/INFO]: [0;33;22m//searchitem: [0;37;1mSearch for an item[m
[20:06:37] [Server thread/INFO]: [0;33;22m//sel: [0;37;1mChoose a region selector[m
[20:06:37] [Server thread/INFO]: [0;33;22m//set: [0;37;1mSet all blocks within selection[m
[20:06:37] [Server thread/INFO]: [0;33;22m//setbiome: [0;37;1mSets the biome of the player's current block or region.[m
[20:06:37] [Server thread/INFO]: [0;33;22m//shift: [0;37;1mShift the selection area[m
[20:06:37] [Server thread/INFO]: [0;33;22m//size: [0;37;1mGet information about the selection[m
[20:06:37] [Server thread/INFO]: [0;33;22m//smooth: [0;37;1mSmooth the elevation in the selection[m
[20:06:37] [Server thread/INFO]: [0;33;22m//snow: [0;37;1mSimulates snow[m
[20:06:37] [Server thread/INFO]: [0;33;22m//sphere: [0;37;1mGenerates a filled sphere.[m
[20:06:37] [Server thread/INFO]: [0;33;22m//stack: [0;37;1mRepeat the contents of the selection[m
[20:06:37] [Server thread/INFO]: [0;33;22m//thaw: [0;37;1mThaws the area[m
[20:06:37] [Server thread/INFO]: [0;33;22m//toggleplace: [0;37;1mSwitch between your position and pos1 for placement[m
[20:06:37] [Server thread/INFO]: [0;33;22m//undo: [0;37;1mUndoes the last action[m
[20:06:37] [Server thread/INFO]: [0;33;22m//walls: [0;37;1mBuild the four sides of the selection[m
[20:06:37] [Server thread/INFO]: [0;33;22m//wand: [0;37;1mGet the wand object[m
[20:06:37] [Server thread/INFO]: [0;33;22m/achievement: [0;37;1mA Mojang provided command.[m
[20:06:37] [Server thread/INFO]: [0;33;22m/ascend: [0;37;1mGo up a floor[m
[20:06:37] [Server thread/INFO]: [0;33;22m/ban: [0;37;1mA Mojang provided command.[m
[20:06:37] [Server thread/INFO]: [0;33;22m/ban-ip: [0;37;1mA Mojang provided command.[m
[20:06:37] [Server thread/INFO]: [0;33;22m/banlist: [0;37;1mA Mojang provided command.[m
[20:06:37] [Server thread/INFO]: [0;33;22m/bedwarsitemaddon: [0;37;1m[m
[20:06:37] [Server thread/INFO]: [0;33;22m/bedwarsitemshop: [0;37;1m[m
[20:06:37] [Server thread/INFO]: [0;33;22m/bedwarsscoreboardaddon: [0;37;1mBase command.[m
[20:06:37] [Server thread/INFO]: [0;33;22m/bedwarsxp: [0;37;1m经验起床[m
[20:06:37] [Server thread/INFO]: [0;33;22m/bedwarsxpedit: [0;37;1m修改玩家经验值[m
[20:06:37] [Server thread/INFO]: [0;33;22m/biomeinfo: [0;37;1mGet the biome of the targeted block.[m
[20:06:37] [Server thread/INFO]: [0;33;22m/biomelist: [0;37;1mGets all biomes available.[m
[20:06:37] [Server thread/INFO]: [0;33;22m/blockdata: [0;37;1mA Mojang provided command.[m
[20:06:37] [Server thread/INFO]: [0;33;22m/brush: [0;37;1mBrushing commands[m
[20:06:37] [Server thread/INFO]: [0;33;22m/butcher: [0;37;1mKill all or nearby mobs[m
[20:06:37] [Server thread/INFO]: [0;33;22m/bw: [0;37;1mBase command for all Test-Plugin commands[m
[20:06:37] [Server thread/INFO]: [0;33;22m/bw addgame: [0;37;1mAdd a new game[m
[20:06:37] [Server thread/INFO]: [0;33;22m/bw addholo: [0;37;1mAdds a location of the hologram stats[m
[20:06:37] [Server thread/INFO]: [0;33;22m/bw addteam: [0;37;1mAdds a team to a game[m
[20:06:37] [Server thread/INFO]: [0;33;22m/bw addteamjoin: [0;37;1mMark a creature which can be used to join a specific team[m
[20:06:37] [Server thread/INFO]: [0;33;22m/bw clearspawner: [0;37;1mRemoves all ressource spawners from the game[m
[20:06:37] [Server thread/INFO]: [0;33;22m/bw gametime: [0;37;1mSets the time for the game used in the world[m
[20:06:37] [Server thread/INFO]: [0;33;22m/bw join: [0;37;1mJoins a specific team in a game[m
[20:06:37] [Server thread/INFO]: [0;33;22m/bw kick: [0;37;1mKicks a player from the game[m
[20:06:37] [Server thread/INFO]: [0;33;22m/bw leave: [0;37;1mLeaves the current game[m
[20:06:37] [Server thread/INFO]: [0;33;22m/bw list: [0;37;1mList all availabe games[m
[20:06:37] [Server thread/INFO]: [0;33;22m/bw regionname: [0;37;1mSets a region name[m
[20:06:37] [Server thread/INFO]: [0;33;22m/bw reload: [0;37;1mReloads the configurations and translations[m
[20:06:37] [Server thread/INFO]: [0;33;22m/bw removegame: [0;37;1mRemoves a game[m
[20:06:37] [Server thread/INFO]: [0;33;22m/bw removeholo: [0;37;1mRemoves a hologram statistic location[m
[20:06:37] [Server thread/INFO]: [0;33;22m/bw removeteam: [0;37;1mRemoves a team of the game[m
[20:06:37] [Server thread/INFO]: [0;33;22m/bw save: [0;37;1mSaves a game to config files[m
[20:06:37] [Server thread/INFO]: [0;33;22m/bw setautobalance: [0;37;1mTurn the autobalance for this game on or off when global-autobalance is false[m
[20:06:37] [Server thread/INFO]: [0;33;22m/bw setbed: [0;37;1mSets the bed of a team in a game[m
[20:06:37] [Server thread/INFO]: [0;33;22m/bw setbuilder: [0;37;1mSets the map-builder of the map for displaying title when game starts[m
[20:06:37] [Server thread/INFO]: [0;33;22m/bw setgameblock: [0;37;1mSets the target block for a specific game[m
[20:06:37] [Server thread/INFO]: [0;33;22m/bw setlobby: [0;37;1mSets the lobby location of a game[m
[20:06:37] [Server thread/INFO]: [0;33;22m/bw setminplayers: [0;37;1mSets the min player amount for a game[m
[20:06:37] [Server thread/INFO]: [0;33;22m/bw setregion: [0;37;1mSets one of the two possible region of the game[m
[20:06:37] [Server thread/INFO]: [0;33;22m/bw setspawn: [0;37;1mSets the spawn of a team[m
[20:06:37] [Server thread/INFO]: [0;33;22m/bw setspawner: [0;37;1mSets a ressource spawn point of a specific type[m
[20:06:37] [Server thread/INFO]: [0;33;22m/bw settarget: [0;37;1mSets the bed of a team in a game[m
[20:06:37] [Server thread/INFO]: [0;33;22m/bw start: [0;37;1mStarts a game[m
[20:06:37] [Server thread/INFO]: [0;33;22m/bw stats: [0;37;1mShows the stats of bedwars[m
[20:06:37] [Server thread/INFO]: [0;33;22m/ceil: [0;37;1mGo to the celing[m
[20:06:37] [Server thread/INFO]: [0;33;22m/chunkinfo: [0;37;1mGet information about the chunk that you are inside[m
[20:06:37] [Server thread/INFO]: [0;33;22m/citizens: [0;37;1mAdministration commands[m
[20:06:37] [Server thread/INFO]: [0;33;22m/clear: [0;37;1mA Mojang provided command.[m
[20:06:37] [Server thread/INFO]: [0;33;22m/clearclipboard: [0;37;1mClear your clipboard[m
[20:06:37] [Server thread/INFO]: [0;33;22m/clone: [0;37;1mA Mojang provided command.[m
[20:06:37] [Server thread/INFO]: [0;33;22m/cs: [0;37;1mExecute a CraftScript[m
[20:06:37] [Server thread/INFO]: [0;33;22m/cycler: [0;37;1mBlock data cycler tool[m
[20:06:37] [Server thread/INFO]: [0;33;22m/debug: [0;37;1mA Mojang provided command.[m
[20:06:37] [Server thread/INFO]: [0;33;22m/defaultgamemode: [0;37;1mA Mojang provided command.[m
[20:06:37] [Server thread/INFO]: [0;33;22m/delchunks: [0;37;1mDelete chunks that your selection includes[m
[20:06:37] [Server thread/INFO]: [0;33;22m/deltree: [0;37;1mFloating tree remover tool[m
[20:06:37] [Server thread/INFO]: [0;33;22m/deop: [0;37;1mA Mojang provided command.[m
[20:06:37] [Server thread/INFO]: [0;33;22m/descend: [0;37;1mGo down a floor[m
[20:06:37] [Server thread/INFO]: [0;33;22m/difficulty: [0;37;1mA Mojang provided command.[m
[20:06:37] [Server thread/INFO]: [0;33;22m/effect: [0;37;1mA Mojang provided command.[m
[20:06:37] [Server thread/INFO]: [0;33;22m/enchant: [0;37;1mA Mojang provided command.[m
[20:06:37] [Server thread/INFO]: [0;33;22m/entitydata: [0;37;1mA Mojang provided command.[m
[20:06:37] [Server thread/INFO]: [0;33;22m/execute: [0;37;1mA Mojang provided command.[m
[20:06:37] [Server thread/INFO]: [0;33;22m/farwand: [0;37;1mWand at a distance tool[m
[20:06:37] [Server thread/INFO]: [0;33;22m/fill: [0;37;1mA Mojang provided command.[m
[20:06:37] [Server thread/INFO]: [0;33;22m/filter: [0;37;1mAdd or remove programmable filters to the packet listeners.[m
[20:06:37] [Server thread/INFO]: [0;33;22m/floodfill: [0;37;1mFlood fill tool[m
[20:06:37] [Server thread/INFO]: [0;33;22m/forestgen: [0;37;1mGenerate a forest[m
[20:06:37] [Server thread/INFO]: [0;33;22m/gamemode: [0;37;1mA Mojang provided command.[m
[20:06:37] [Server thread/INFO]: [0;33;22m/gamerule: [0;37;1mA Mojang provided command.[m
[20:06:37] [Server thread/INFO]: [0;33;22m/give: [0;37;1mA Mojang provided command.[m
[20:06:37] [Server thread/INFO]: [0;33;22m/help: [0;37;1mShows the help menu[m
[20:06:37] [Server thread/INFO]: [0;33;22m/info: [0;37;1mBlock information tool[m
[20:06:37] [Server thread/INFO]: [0;33;22m/jumpto: [0;37;1mTeleport to a location[m
[20:06:37] [Server thread/INFO]: [0;33;22m/kick: [0;37;1mA Mojang provided command.[m
[20:06:37] [Server thread/INFO]: [0;33;22m/kill: [0;37;1mA Mojang provided command.[m
[20:06:37] [Server thread/INFO]: [0;33;22m/list: [0;37;1mA Mojang provided command.[m
[20:06:37] [Server thread/INFO]: [0;33;22m/listchunks: [0;37;1mList chunks that your selection includes[m
[20:06:37] [Server thread/INFO]: [0;33;22m/lrbuild: [0;37;1mLong-range building tool[m
[20:06:37] [Server thread/INFO]: [0;33;22m/mask: [0;37;1mSet the brush mask[m
[20:06:37] [Server thread/INFO]: [0;33;22m/mat: [0;37;1mSet the brush material[m
[20:06:37] [Server thread/INFO]: [0;33;22m/me: [0;37;1mA Mojang provided command.[m
[20:06:37] [Server thread/INFO]: [0;33;22m/minecraft:help: [0;37;1mA Mojang provided command.[m
[20:06:37] [Server thread/INFO]: [0;33;22m/minecraft:tell: [0;37;1mA Mojang provided command.[m
[20:06:37] [Server thread/INFO]: [0;33;22m/multiworld: [0;37;1mall the commands[m
[20:06:37] [Server thread/INFO]: [0;33;22m/multiworld-shortcut: [0;37;1mshortcuts to multiworld commands[m
[20:06:37] [Server thread/INFO]: [0;33;22m/mw: [0;37;1mall the commands[m
[20:06:37] [Server thread/INFO]: [0;33;22m/none: [0;37;1mUnbind a bound tool from your current item[m
[20:06:37] [Server thread/INFO]: [0;33;22m/npc: [0;37;1mBasic commands for all NPC-related things[m
[20:06:37] [Server thread/INFO]: [0;33;22m/op: [0;37;1mA Mojang provided command.[m
[20:06:37] [Server thread/INFO]: [0;33;22m/packet: [0;37;1mAdd or remove a simple packet listener.[m
[20:06:37] [Server thread/INFO]: [0;33;22m/packetlog: [0;37;1mLogs hex representations of packets to a file or console[m
[20:06:37] [Server thread/INFO]: [0;33;22m/pardon: [0;37;1mA Mojang provided command.[m
[20:06:37] [Server thread/INFO]: [0;33;22m/pardon-ip: [0;37;1mA Mojang provided command.[m
[20:06:37] [Server thread/INFO]: [0;33;22m/particle: [0;37;1mA Mojang provided command.[m
[20:06:37] [Server thread/INFO]: [0;33;22m/playsound: [0;37;1mA Mojang provided command.[m
[20:06:37] [Server thread/INFO]: [0;33;22m/plugins: [0;37;1mGets a list of plugins running on the server[m
[20:06:37] [Server thread/INFO]: [0;33;22m/protocol: [0;37;1mPerforms administrative tasks regarding ProtocolLib.[m
[20:06:37] [Server thread/INFO]: [0;33;22m/pumpkins: [0;37;1mGenerate pumpkin patches[m
[20:06:37] [Server thread/INFO]: [0;33;22m/range: [0;37;1mSet the brush range[m
[20:06:37] [Server thread/INFO]: [0;33;22m/rejoin: [0;37;1mRejoin the game.[m
[20:06:37] [Server thread/INFO]: [0;33;22m/reload: [0;37;1mReloads the server configuration and plugins[m
[20:06:37] [Server thread/INFO]: [0;33;22m/remove: [0;37;1mRemove all entities of a type[m
[20:06:37] [Server thread/INFO]: [0;33;22m/repl: [0;37;1mBlock replacer tool[m
[20:06:37] [Server thread/INFO]: [0;33;22m/replaceitem: [0;37;1mA Mojang provided command.[m
[20:06:37] [Server thread/INFO]: [0;33;22m/restart: [0;37;1mRestarts the server[m
[20:06:37] [Server thread/INFO]: [0;33;22m/restore: [0;37;1mRestore the selection from a snapshot[m
[20:06:37] [Server thread/INFO]: [0;33;22m/save-all: [0;37;1mA Mojang provided command.[m
[20:06:37] [Server thread/INFO]: [0;33;22m/save-off: [0;37;1mA Mojang provided command.[m
[20:06:37] [Server thread/INFO]: [0;33;22m/save-on: [0;37;1mA Mojang provided command.[m
[20:06:37] [Server thread/INFO]: [0;33;22m/say: [0;37;1mA Mojang provided command.[m
[20:06:37] [Server thread/INFO]: [0;33;22m/schematic: [0;37;1mSchematic commands for saving/loading areas[m
[20:06:37] [Server thread/INFO]: [0;33;22m/scoreboard: [0;37;1mA Mojang provided command.[m
[20:06:37] [Server thread/INFO]: [0;33;22m/script: [0;37;1mScripting commands[m
[20:06:37] [Server thread/INFO]: [0;33;22m/seed: [0;37;1mA Mojang provided command.[m
[20:06:37] [Server thread/INFO]: [0;33;22m/setblock: [0;37;1mA Mojang provided command.[m
[20:06:37] [Server thread/INFO]: [0;33;22m/setidletimeout: [0;37;1mA Mojang provided command.[m
[20:06:37] [Server thread/INFO]: [0;33;22m/setworldspawn: [0;37;1mA Mojang provided command.[m
[20:06:37] [Server thread/INFO]: [0;33;22m/shout: [0;37;1mShout to everyone.[m
[20:06:37] [Server thread/INFO]: [0;33;22m/size: [0;37;1mSet the brush size[m
[20:06:37] [Server thread/INFO]: [0;33;22m/snapshot: [0;37;1mSchematic commands for saving/loading areas[m
[20:06:37] [Server thread/INFO]: [0;33;22m/spawnpoint: [0;37;1mA Mojang provided command.[m
[20:06:37] [Server thread/INFO]: [0;33;22m/spreadplayers: [0;37;1mA Mojang provided command.[m
[20:06:37] [Server thread/INFO]: [0;33;22m/stats: [0;37;1mA Mojang provided command.[m
[20:06:37] [Server thread/INFO]: [0;33;22m/stop: [0;37;1mA Mojang provided command.[m
[20:06:37] [Server thread/INFO]: [0;33;22m/summon: [0;37;1mA Mojang provided command.[m
[20:06:37] [Server thread/INFO]: [0;33;22m/superpickaxe: [0;37;1mSuper-pickaxe commands[m
[20:06:37] [Server thread/INFO]: [0;33;22m/tell: [0;37;1mA Mojang provided command.[m
[20:06:37] [Server thread/INFO]: [0;33;22m/tellraw: [0;37;1mA Mojang provided command.[m
[20:06:37] [Server thread/INFO]: [0;33;22m/template: [0;37;1mTemplate commands[m
[20:06:37] [Server thread/INFO]: [0;33;22m/testfor: [0;37;1mA Mojang provided command.[m
[20:06:37] [Server thread/INFO]: [0;33;22m/testforblock: [0;37;1mA Mojang provided command.[m
[20:06:37] [Server thread/INFO]: [0;33;22m/testforblocks: [0;37;1mA Mojang provided command.[m
[20:06:37] [Server thread/INFO]: [0;33;22m/thru: [0;37;1mPassthrough walls[m
[20:06:37] [Server thread/INFO]: [0;33;22m/time: [0;37;1mA Mojang provided command.[m
[20:06:37] [Server thread/INFO]: [0;33;22m/timings: [0;37;1mManages Spigot Timings data to see performance of the server.[m
[20:06:37] [Server thread/INFO]: [0;33;22m/title: [0;37;1mA Mojang provided command.[m
[20:06:37] [Server thread/INFO]: [0;33;22m/toggledownfall: [0;37;1mA Mojang provided command.[m
[20:06:37] [Server thread/INFO]: [0;33;22m/toggleeditwand: [0;37;1mToggle functionality of the edit wand[m
[20:06:37] [Server thread/INFO]: [0;33;22m/tool: [0;37;1mBind functions to held items[m
[20:06:37] [Server thread/INFO]: [0;33;22m/tp: [0;37;1mA Mojang provided command.[m
[20:06:37] [Server thread/INFO]: [0;33;22m/tps: [0;37;1mGets the current ticks per second for the server[m
[20:06:37] [Server thread/INFO]: [0;33;22m/trait: [0;37;1mTrait commands[m
[20:06:37] [Server thread/INFO]: [0;33;22m/traitc: [0;37;1mConfigures traits[m
[20:06:37] [Server thread/INFO]: [0;33;22m/tree: [0;37;1mTree generator tool[m
[20:06:37] [Server thread/INFO]: [0;33;22m/trigger: [0;37;1mA Mojang provided command.[m
[20:06:37] [Server thread/INFO]: [0;33;22m/unstuck: [0;37;1mEscape from being stuck inside a block[m
[20:06:37] [Server thread/INFO]: [0;33;22m/up: [0;37;1mGo upwards some distance[m
[20:06:37] [Server thread/INFO]: [0;33;22m/version: [0;37;1mGets the version of this server including any plugins in use[m
[20:06:37] [Server thread/INFO]: [0;33;22m/viaversion: [0;37;1mShows ViaVersion Version and more.[m
[20:06:37] [Server thread/INFO]: [0;33;22m/waypoint: [0;37;1mWaypoint commands[m
[20:06:37] [Server thread/INFO]: [0;33;22m/weather: [0;37;1mA Mojang provided command.[m
[20:06:37] [Server thread/INFO]: [0;33;22m/whitelist: [0;37;1mA Mojang provided command.[m
[20:06:37] [Server thread/INFO]: [0;33;22m/worldborder: [0;37;1mA Mojang provided command.[m
[20:06:37] [Server thread/INFO]: [0;33;22m/worldedit: [0;37;1mWorldEdit commands[m
[20:06:37] [Server thread/INFO]: [0;33;22m/xp: [0;37;1mA Mojang provided command.[m
[20:27:03] [Thread-4/INFO]: Stopping server
[20:27:01] [Server console handler/ERROR]: Exception handling console input
java.io.IOException: 输入/输出错误
	at java.io.FileInputStream.readBytes(Native Method) ~[?:1.8.0_262]
	at java.io.FileInputStream.read(FileInputStream.java:255) ~[?:1.8.0_262]
	at java.io.BufferedInputStream.fill(BufferedInputStream.java:246) ~[?:1.8.0_262]
	at java.io.BufferedInputStream.read(BufferedInputStream.java:265) ~[?:1.8.0_262]
	at org.bukkit.craftbukkit.libs.jline.internal.NonBlockingInputStream.read(NonBlockingInputStream.java:169) ~[PaperSpigot-1.8.8.jar:git-PaperSpigot-f6fba00-9935adc]
	at org.bukkit.craftbukkit.libs.jline.internal.NonBlockingInputStream.read(NonBlockingInputStream.java:137) ~[PaperSpigot-1.8.8.jar:git-PaperSpigot-f6fba00-9935adc]
	at org.bukkit.craftbukkit.libs.jline.internal.NonBlockingInputStream.read(NonBlockingInputStream.java:246) ~[PaperSpigot-1.8.8.jar:git-PaperSpigot-f6fba00-9935adc]
	at org.bukkit.craftbukkit.libs.jline.internal.InputStreamReader.read(InputStreamReader.java:261) ~[PaperSpigot-1.8.8.jar:git-PaperSpigot-f6fba00-9935adc]
	at org.bukkit.craftbukkit.libs.jline.internal.InputStreamReader.read(InputStreamReader.java:198) ~[PaperSpigot-1.8.8.jar:git-PaperSpigot-f6fba00-9935adc]
	at org.bukkit.craftbukkit.libs.jline.console.ConsoleReader.readCharacter(ConsoleReader.java:2145) ~[PaperSpigot-1.8.8.jar:git-PaperSpigot-f6fba00-9935adc]
	at org.bukkit.craftbukkit.libs.jline.console.ConsoleReader.readLine(ConsoleReader.java:2349) ~[PaperSpigot-1.8.8.jar:git-PaperSpigot-f6fba00-9935adc]
	at net.minecraft.server.v1_8_R3.DedicatedServer$2.run(DedicatedServer.java:79) [PaperSpigot-1.8.8.jar:git-PaperSpigot-f6fba00-9935adc]
